:        w          c            L            S         :=
1    0.0208333   0.367646   0.154134       -0.364435
2    0.0416667   0.372395   0.300456       -0.753466
3    0.0625      0.377205   0.439264       -1.16349
4    0.0833333   0.382077   0.570843       -1.59108
5    0.104167    0.387012   0.695471       -2.03293
6    0.125       0.392011   0.813417       -2.4859
7    0.145833    0.397075   0.924938       -2.94696
8    0.166667    0.402204   1.03028        -3.41321
9    0.1875      0.407399   1.1297         -3.88185
10   0.208333    0.412661   1.22341        -4.35018
11   0.229167    0.417991   1.31165        -4.8156
12   0.25        0.42339    1.39463        -5.27558
13   0.270833    0.428859   1.47256        -5.72766
14   0.291667    0.434398   1.54565        -6.16946
15   0.3125      0.440009   1.61409        -6.59862
16   0.333333    0.445692   1.67806        -7.01285
17   0.354167    0.451449   1.73776        -7.40987
18   0.375       0.45728    1.79335        -7.78744
19   0.395833    0.463187   1.84501        -8.1433
20   0.416667    0.46917    1.8929         -8.47522
21   0.4375      0.47523    1.93718        -8.78095
22   0.458333    0.481368   1.978          -9.05821
23   0.479167    0.487586   2.01551        -9.30469
24   0.5         0.493884   2.04984        -9.51803
25   0.520833    0.500263   2.08114        -9.69581
26   0.541667    0.506725   2.10954        -9.83553
27   0.5625      0.51327    2.13516        -9.93461
28   0.583333    0.5199     2.15813        -9.99037
29   0.604167    0.526615   2.17856       -10
30   0.625       0.539932   2.14389       -10
31   0.645833    0.553044   2.11155        -9.98933
32   0.666667    0.560187   2.12443        -9.93238
33   0.6875      0.567423   2.1353         -9.82638
34   0.708333    0.574752   2.14425        -9.66839
35   0.729167    0.582176   2.15139        -9.45532
36   0.75        0.589696   2.15678        -9.18386
37   0.770833    0.597313   2.16051        -8.85049
38   0.791667    0.605028   2.16268        -8.45143
39   0.8125      0.612843   2.16334        -7.98268
40   0.833333    0.620759   2.16259        -7.43989
41   0.854167    0.628777   2.16048        -6.81845
42   0.875       0.636898   2.15709        -6.11338
43   0.895833    0.645125   2.15248        -5.3193
44   0.916667    0.653458   2.14673        -4.43047
45   0.9375      0.661898   2.13988        -3.44067
46   0.958333    0.670448   2.132          -2.34321
47   0.979167    0.679107   2.12315        -1.13086
48   1           0.687879   2.11337         0.204161
49   0.916667    0.696764   1.88816         1.25455
50   0.833333    0.705764   1.67301         2.04333
51   0.75        0.71488    1.46756         2.59258
52   0.666667    0.724114   1.27144         2.9235
53   0.583333    0.733467   1.08432         3.05643
54   0.5         0.742941   0.905861        3.01093
55   0.416667    0.752537   0.735754        2.80583
56   0.333333    0.762257   0.573688        2.45927
57   0.25        0.772103   0.419362        1.98875
58   0.166667    0.782076   0.27249         1.41119
59   0.0833333   0.792178   0.132792        0.742972
60   0           0.80241    3.31504e-05        .
;

