:         w          c            l            A         :=
1     0.0153846   0.336516   0.193463       -0.384166
2     0.0307692   0.339358   0.378875       -0.792166
3     0.0461538   0.342225   0.556487       -1.22074
4     0.0615385   0.345115   0.726543       -1.6667
5     0.0769231   0.34803    0.889282       -2.12695
6     0.0923077   0.35097    1.04493        -2.59846
7     0.107692    0.353934   1.19372        -3.07824
8     0.123077    0.356924   1.33587        -3.56337
9     0.138462    0.359939   1.47158        -4.05099
10    0.153846    0.362979   1.60107        -4.53823
11    0.169231    0.366045   1.72453        -5.0223
12    0.184615    0.369136   1.84216        -5.5004
13    0.2         0.372254   1.95414        -5.96973
14    0.215385    0.375399   2.06067        -6.42753
15    0.230769    0.378569   2.16192        -6.87098
16    0.246154    0.381767   2.25807        -7.2973
17    0.261538    0.384991   2.34927        -7.70363
18    0.276923    0.388243   2.43571        -8.08711
19    0.292308    0.391523   2.51753        -8.44479
20    0.307692    0.394829   2.59489        -8.7737
21    0.323077    0.398164   2.66794        -9.07077
22    0.338462    0.401527   2.73683        -9.33284
23    0.353846    0.404919   2.80169        -9.55666
24    0.369231    0.408339   2.86267        -9.73886
25    0.384615    0.411788   2.9199         -9.87594
26    0.4         0.415266   2.97351        -9.96426
27    0.415385    0.418774   3.02362       -10
28    0.430769    0.424758   3.02634       -10
29    0.446154    0.435172   2.95024       -10
30    0.461538    0.445456   2.87887       -10
31    0.476923    0.455614   2.81179       -10
32    0.492308    0.465651   2.7486        -10
33    0.507692    0.475572   2.68896       -10
34    0.523077    0.485382   2.63258       -10
35    0.538462    0.495085   2.57918       -10
36    0.553846    0.504684   2.52851       -10
37    0.569231    0.514184   2.48038       -10
38    0.584615    0.523587   2.43457       -10
39    0.6         0.532898   2.39093       -10
40    0.615385    0.542118   2.3493        -10
41    0.630769    0.551251   2.30953       -10
42    0.646154    0.5603     2.27149       -10
43    0.661538    0.569267   2.23507       -10
44    0.676923    0.578154   2.20017       -10
45    0.692308    0.583453   2.19943        -9.97442
46    0.707692    0.588381   2.20152        -9.91904
47    0.723077    0.593351   2.20258        -9.83233
48    0.738462    0.598363   2.20263        -9.71263
49    0.753846    0.603417   2.20173        -9.55823
50    0.769231    0.608513   2.19992        -9.36725
51    0.784615    0.613653   2.19723        -9.13772
52    0.8         0.618836   2.19369        -8.8675
53    0.815385    0.624063   2.18936        -8.55433
54    0.830769    0.629334   2.18425        -8.19576
55    0.846154    0.63465    2.17841        -7.78919
56    0.861538    0.640011   2.17186        -7.3318
57    0.876923    0.645416   2.16465        -6.8206
58    0.892308    0.650868   2.15679        -6.25234
59    0.907692    0.656365   2.14833        -5.62357
60    0.923077    0.661909   2.13928        -4.93055
61    0.938462    0.6675     2.12968        -4.16928
62    0.953846    0.673138   2.11955        -3.33545
63    0.969231    0.678824   2.10892        -2.42442
64    0.984615    0.684557   2.09782        -1.43123
65    1           0.690339   2.08626        -0.350508
66    0.971429    0.69617    1.98449         0.654005
67    0.942857    0.70205    1.88604         1.58505
68    0.914286    0.70798    1.79083         2.44522
69    0.885714    0.71396    1.69877         3.23695
70    0.857143    0.719991   1.60976         3.96254
71    0.828571    0.726072   1.52373         4.62413
72    0.8         0.732205   1.44057         5.22374
73    0.771429    0.738389   1.36022         5.76322
74    0.742857    0.744626   1.28258         6.24428
75    0.714286    0.750915   1.20759         6.66849
76    0.685714    0.757258   1.13517         7.03726
77    0.657143    0.763654   1.06523         7.35186
78    0.628571    0.770104   0.997716        7.61341
79    0.6         0.776609   0.932549        7.82287
80    0.571429    0.783168   0.869661        7.98104
81    0.542857    0.789783   0.808987        8.08857
82    0.514286    0.796454   0.750462        8.14595
83    0.485714    0.803181   0.694021        8.15348
84    0.457143    0.809965   0.639605        8.1113
85    0.428571    0.816807   0.587153        8.01938
86    0.4         0.823706   0.536606        7.87748
87    0.371429    0.830663   0.487909        7.68519
88    0.342857    0.837679   0.441006        7.44189
89    0.314286    0.844754   0.395844        7.14675
90    0.285714    0.85189    0.35237         6.79873
91    0.257143    0.859085   0.310535        6.39654
92    0.228571    0.866341   0.270287        5.93868
93    0.2         0.873659   0.23158         5.42338
94    0.171429    0.881038   0.194367        4.84859
95    0.142857    0.88848    0.158602        4.21201
96    0.114286    0.895984   0.124242        3.51102
97    0.0857143   0.903552   0.0912429       2.74269
98    0.0571429   0.910644   0.0595635       1.90438
99    0.0285714   0.91888    0.0291637       0.991291
100   0           0.926641   0.000293212        .
;

